<?xml version="1.0" encoding="UTF-8"?>
<testsuite xmlns:xsi="http://www.w3.org/2001/XMLSchema-instance" xsi:noNamespaceSchemaLocation="https://maven.apache.org/surefire/maven-surefire-plugin/xsd/surefire-test-report-3.0.xsd" version="3.0" name="autom.logicaldoc.SoapTest" time="2.518" tests="3" errors="0" skipped="0" failures="0">
  <properties>
    <property name="sun.desktop" value="windows"/>
    <property name="awt.toolkit" value="sun.awt.windows.WToolkit"/>
    <property name="file.encoding.pkg" value="sun.io"/>
    <property name="java.specification.version" value="1.8"/>
    <property name="sun.cpu.isalist" value="amd64"/>
    <property name="sun.jnu.encoding" value="Cp1252"/>
    <property name="java.class.path" value="C:\Users\formation\Documents\SquashTA-1.10.0-RELEASE-workspace\logicaldoc\target\test-classes;C:\Users\formation\Documents\SquashTA-1.10.0-RELEASE-workspace\logicaldoc\target\classes;C:\Users\formation\.m2\repository\junit\junit\4.12\junit-4.12.jar;C:\Users\formation\.m2\repository\org\hamcrest\hamcrest-core\1.3\hamcrest-core-1.3.jar;C:\Installation\SmartBear\SoapUI-5.4.0\bin\soapui-5.4.0.jar;C:\Users\formation\.m2\repository\org\apache\logging\log4j\log4j-api\2.12.1\log4j-api-2.12.1.jar;C:\Users\formation\.m2\repository\org\apache\logging\log4j\log4j-slf4j-impl\2.12.1\log4j-slf4j-impl-2.12.1.jar;C:\Users\formation\.m2\repository\org\slf4j\slf4j-api\1.7.25\slf4j-api-1.7.25.jar;C:\Users\formation\.m2\repository\org\apache\logging\log4j\log4j-core\2.12.1\log4j-core-2.12.1.jar;C:\Users\formation\.m2\repository\log4j\log4j\1.2.14\log4j-1.2.14.jar;C:\Installation\SmartBear\SoapUI-5.4.0\lib\xbean-fixed-2.4.0.jar;C:\Installation\SmartBear\SoapUI-5.4.0\lib\xalan-2.7.1.jar;C:\Users\formation\.m2\repository\com\fifesoft\rsyntaxtextarea\1.4.1\rsyntaxtextarea-1.4.1.jar;C:\Users\formation\.m2\repository\org\apache\httpcomponents\httpclient\4.5.6\httpclient-4.5.6.jar;C:\Users\formation\.m2\repository\org\apache\httpcomponents\httpcore\4.4.10\httpcore-4.4.10.jar;C:\Users\formation\.m2\repository\commons-logging\commons-logging\1.2\commons-logging-1.2.jar;C:\Users\formation\.m2\repository\commons-codec\commons-codec\1.10\commons-codec-1.10.jar;C:\Installation\SmartBear\SoapUI-5.4.0\lib\proxy-vole-20131209.jar;C:\Users\formation\.m2\repository\org\reflections\reflections\0.9.10\reflections-0.9.10.jar;C:\Users\formation\.m2\repository\com\google\guava\guava\15.0\guava-15.0.jar;C:\Users\formation\.m2\repository\org\javassist\javassist\3.19.0-GA\javassist-3.19.0-GA.jar;C:\Users\formation\.m2\repository\com\google\code\findbugs\annotations\2.0.1\annotations-2.0.1.jar;C:\Users\formation\.m2\repository\org\codehaus\groovy\groovy-all\1.6.3\groovy-all-1.6.3.jar;C:\Users\formation\.m2\repository\org\apache\ant\ant\1.7.1\ant-1.7.1.jar;C:\Users\formation\.m2\repository\org\apache\ant\ant-launcher\1.7.1\ant-launcher-1.7.1.jar;C:\Users\formation\.m2\repository\jline\jline\0.9.94\jline-0.9.94.jar;C:\Users\formation\.m2\repository\org\bouncycastle\bcprov-jdk15on\1.52\bcprov-jdk15on-1.52.jar;C:\Users\formation\.m2\repository\wsdl4j\wsdl4j\1.6.2\wsdl4j-1.6.2.jar;C:\Users\formation\.m2\repository\xmlunit\xmlunit\1.2\xmlunit-1.2.jar;C:\Users\formation\.m2\repository\com\jgoodies\jgoodies-forms\1.9.0\jgoodies-forms-1.9.0.jar;C:\Users\formation\.m2\repository\com\jgoodies\jgoodies-common\1.8.1\jgoodies-common-1.8.1.jar;C:\Users\formation\.m2\repository\org\apache\flex\blazeds\flex-messaging-core\4.7.1\flex-messaging-core-4.7.1.jar;C:\Users\formation\.m2\repository\org\apache\flex\blazeds\flex-messaging-common\4.7.1\flex-messaging-common-4.7.1.jar;C:\Users\formation\.m2\repository\xalan\xalan\2.6.0\xalan-2.6.0.jar;C:\Users\formation\.m2\repository\xml-apis\xml-apis\1.0.b2\xml-apis-1.0.b2.jar;C:\Installation\SmartBear\SoapUI-5.4.0\lib\mail-1.4.jar;C:\Installation\SmartBear\SoapUI-5.4.0\lib\jms-1.1.jar;C:\Users\formation\.m2\repository\commons-cli\commons-cli\1.4\commons-cli-1.4.jar;C:\Users\formation\.m2\repository\commons-io\commons-io\2.6\commons-io-2.6.jar;C:\Users\formation\.m2\repository\commons-collections\commons-collections\3.2.1\commons-collections-3.2.1.jar;C:\Users\formation\.m2\repository\commons-lang\commons-lang\2.4\commons-lang-2.4.jar;C:\Users\formation\.m2\repository\commons-beanutils\commons-beanutils\1.7.0\commons-beanutils-1.7.0.jar;C:\Users\formation\.m2\repository\org\postgresql\postgresql\42.2.24\postgresql-42.2.24.jar;C:\Users\formation\.m2\repository\org\checkerframework\checker-qual\3.5.0\checker-qual-3.5.0.jar;C:\Installation\SmartBear\SoapUI-5.4.0\lib\analytics-core-5.4.0.jar;C:\Installation\SmartBear\SoapUI-5.4.0\lib\out-app-analytics-provider-5.4.0.jar;C:\Installation\SmartBear\SoapUI-5.4.0\lib\json-lib-2.2.2-jdk15.jar;C:\Users\formation\.m2\repository\org\apache\xmlbeans\xmlbeans-xpath\2.6.0\xmlbeans-xpath-2.6.0.jar;C:\Users\formation\.m2\repository\org\apache\xmlbeans\xmlbeans\2.4.0\xmlbeans-2.4.0.jar;C:\Users\formation\.m2\repository\stax\stax-api\1.0.1\stax-api-1.0.1.jar;C:\Installation\SmartBear\SoapUI-5.4.0\lib\saxon-9.1.0.8j.jar;C:\Installation\SmartBear\SoapUI-5.4.0\lib\saxon-dom-9.1.0.8j.jar;C:\Users\formation\.jenkins\plugins\htmlpublisher\WEB-INF\lib\htmlpublisher.jar;"/>
    <property name="sun.awt.enableExtraMouseButtons" value="true"/>
    <property name="java.vm.vendor" value="Oracle Corporation"/>
    <property name="sun.arch.data.model" value="64"/>
    <property name="user.variant" value=""/>
    <property name="java.vendor.url" value="http://java.oracle.com/"/>
    <property name="user.timezone" value="Europe/Paris"/>
    <property name="org.apache.logging.log4j.assignedSequences" value="3207"/>
    <property name="java.vm.specification.version" value="1.8"/>
    <property name="os.name" value="Windows 10"/>
    <property name="user.country" value="FR"/>
    <property name="sun.java.launcher" value="SUN_STANDARD"/>
    <property name="sun.boot.library.path" value="C:\Installation\Java\jre1.8.0_152\bin"/>
    <property name="sun.java.command" value="C:\Users\formation\AppData\Local\Temp\surefire7239173069089554502\surefirebooter7974834683778166972.jar C:\Users\formation\AppData\Local\Temp\surefire7239173069089554502 2021-12-12T22-07-55_618-jvmRun1 surefire4708123929745714937tmp surefire_05116274662212497539tmp"/>
    <property name="surefire.test.class.path" value="C:\Users\formation\Documents\SquashTA-1.10.0-RELEASE-workspace\logicaldoc\target\test-classes;C:\Users\formation\Documents\SquashTA-1.10.0-RELEASE-workspace\logicaldoc\target\classes;C:\Users\formation\.m2\repository\junit\junit\4.12\junit-4.12.jar;C:\Users\formation\.m2\repository\org\hamcrest\hamcrest-core\1.3\hamcrest-core-1.3.jar;C:\Installation\SmartBear\SoapUI-5.4.0\bin\soapui-5.4.0.jar;C:\Users\formation\.m2\repository\org\apache\logging\log4j\log4j-api\2.12.1\log4j-api-2.12.1.jar;C:\Users\formation\.m2\repository\org\apache\logging\log4j\log4j-slf4j-impl\2.12.1\log4j-slf4j-impl-2.12.1.jar;C:\Users\formation\.m2\repository\org\slf4j\slf4j-api\1.7.25\slf4j-api-1.7.25.jar;C:\Users\formation\.m2\repository\org\apache\logging\log4j\log4j-core\2.12.1\log4j-core-2.12.1.jar;C:\Users\formation\.m2\repository\log4j\log4j\1.2.14\log4j-1.2.14.jar;C:\Installation\SmartBear\SoapUI-5.4.0\lib\xbean-fixed-2.4.0.jar;C:\Installation\SmartBear\SoapUI-5.4.0\lib\xalan-2.7.1.jar;C:\Users\formation\.m2\repository\com\fifesoft\rsyntaxtextarea\1.4.1\rsyntaxtextarea-1.4.1.jar;C:\Users\formation\.m2\repository\org\apache\httpcomponents\httpclient\4.5.6\httpclient-4.5.6.jar;C:\Users\formation\.m2\repository\org\apache\httpcomponents\httpcore\4.4.10\httpcore-4.4.10.jar;C:\Users\formation\.m2\repository\commons-logging\commons-logging\1.2\commons-logging-1.2.jar;C:\Users\formation\.m2\repository\commons-codec\commons-codec\1.10\commons-codec-1.10.jar;C:\Installation\SmartBear\SoapUI-5.4.0\lib\proxy-vole-20131209.jar;C:\Users\formation\.m2\repository\org\reflections\reflections\0.9.10\reflections-0.9.10.jar;C:\Users\formation\.m2\repository\com\google\guava\guava\15.0\guava-15.0.jar;C:\Users\formation\.m2\repository\org\javassist\javassist\3.19.0-GA\javassist-3.19.0-GA.jar;C:\Users\formation\.m2\repository\com\google\code\findbugs\annotations\2.0.1\annotations-2.0.1.jar;C:\Users\formation\.m2\repository\org\codehaus\groovy\groovy-all\1.6.3\groovy-all-1.6.3.jar;C:\Users\formation\.m2\repository\org\apache\ant\ant\1.7.1\ant-1.7.1.jar;C:\Users\formation\.m2\repository\org\apache\ant\ant-launcher\1.7.1\ant-launcher-1.7.1.jar;C:\Users\formation\.m2\repository\jline\jline\0.9.94\jline-0.9.94.jar;C:\Users\formation\.m2\repository\org\bouncycastle\bcprov-jdk15on\1.52\bcprov-jdk15on-1.52.jar;C:\Users\formation\.m2\repository\wsdl4j\wsdl4j\1.6.2\wsdl4j-1.6.2.jar;C:\Users\formation\.m2\repository\xmlunit\xmlunit\1.2\xmlunit-1.2.jar;C:\Users\formation\.m2\repository\com\jgoodies\jgoodies-forms\1.9.0\jgoodies-forms-1.9.0.jar;C:\Users\formation\.m2\repository\com\jgoodies\jgoodies-common\1.8.1\jgoodies-common-1.8.1.jar;C:\Users\formation\.m2\repository\org\apache\flex\blazeds\flex-messaging-core\4.7.1\flex-messaging-core-4.7.1.jar;C:\Users\formation\.m2\repository\org\apache\flex\blazeds\flex-messaging-common\4.7.1\flex-messaging-common-4.7.1.jar;C:\Users\formation\.m2\repository\xalan\xalan\2.6.0\xalan-2.6.0.jar;C:\Users\formation\.m2\repository\xml-apis\xml-apis\1.0.b2\xml-apis-1.0.b2.jar;C:\Installation\SmartBear\SoapUI-5.4.0\lib\mail-1.4.jar;C:\Installation\SmartBear\SoapUI-5.4.0\lib\jms-1.1.jar;C:\Users\formation\.m2\repository\commons-cli\commons-cli\1.4\commons-cli-1.4.jar;C:\Users\formation\.m2\repository\commons-io\commons-io\2.6\commons-io-2.6.jar;C:\Users\formation\.m2\repository\commons-collections\commons-collections\3.2.1\commons-collections-3.2.1.jar;C:\Users\formation\.m2\repository\commons-lang\commons-lang\2.4\commons-lang-2.4.jar;C:\Users\formation\.m2\repository\commons-beanutils\commons-beanutils\1.7.0\commons-beanutils-1.7.0.jar;C:\Users\formation\.m2\repository\org\postgresql\postgresql\42.2.24\postgresql-42.2.24.jar;C:\Users\formation\.m2\repository\org\checkerframework\checker-qual\3.5.0\checker-qual-3.5.0.jar;C:\Installation\SmartBear\SoapUI-5.4.0\lib\analytics-core-5.4.0.jar;C:\Installation\SmartBear\SoapUI-5.4.0\lib\out-app-analytics-provider-5.4.0.jar;C:\Installation\SmartBear\SoapUI-5.4.0\lib\json-lib-2.2.2-jdk15.jar;C:\Users\formation\.m2\repository\org\apache\xmlbeans\xmlbeans-xpath\2.6.0\xmlbeans-xpath-2.6.0.jar;C:\Users\formation\.m2\repository\org\apache\xmlbeans\xmlbeans\2.4.0\xmlbeans-2.4.0.jar;C:\Users\formation\.m2\repository\stax\stax-api\1.0.1\stax-api-1.0.1.jar;C:\Installation\SmartBear\SoapUI-5.4.0\lib\saxon-9.1.0.8j.jar;C:\Installation\SmartBear\SoapUI-5.4.0\lib\saxon-dom-9.1.0.8j.jar;C:\Users\formation\.jenkins\plugins\htmlpublisher\WEB-INF\lib\htmlpublisher.jar;"/>
    <property name="sun.cpu.endian" value="little"/>
    <property name="user.home" value="C:\Users\formation"/>
    <property name="user.language" value="fr"/>
    <property name="java.specification.vendor" value="Oracle Corporation"/>
    <property name="java.home" value="C:\Installation\Java\jre1.8.0_152"/>
    <property name="basedir" value="C:\Users\formation\Documents\SquashTA-1.10.0-RELEASE-workspace\logicaldoc"/>
    <property name="file.separator" value="\"/>
    <property name="line.separator" value="&#10;"/>
    <property name="java.vm.specification.vendor" value="Oracle Corporation"/>
    <property name="java.specification.name" value="Java Platform API Specification"/>
    <property name="java.awt.graphicsenv" value="sun.awt.Win32GraphicsEnvironment"/>
    <property name="surefire.real.class.path" value="C:\Users\formation\AppData\Local\Temp\surefire7239173069089554502\surefirebooter7974834683778166972.jar"/>
    <property name="sun.boot.class.path" value="C:\Installation\Java\jre1.8.0_152\lib\resources.jar;C:\Installation\Java\jre1.8.0_152\lib\rt.jar;C:\Installation\Java\jre1.8.0_152\lib\sunrsasign.jar;C:\Installation\Java\jre1.8.0_152\lib\jsse.jar;C:\Installation\Java\jre1.8.0_152\lib\jce.jar;C:\Installation\Java\jre1.8.0_152\lib\charsets.jar;C:\Installation\Java\jre1.8.0_152\lib\jfr.jar;C:\Installation\Java\jre1.8.0_152\classes"/>
    <property name="user.script" value=""/>
    <property name="sun.management.compiler" value="HotSpot 64-Bit Tiered Compilers"/>
    <property name="java.runtime.version" value="1.8.0_152-b16"/>
    <property name="user.name" value="formation"/>
    <property name="path.separator" value=";"/>
    <property name="os.version" value="10.0"/>
    <property name="java.endorsed.dirs" value="C:\Installation\Java\jre1.8.0_152\lib\endorsed"/>
    <property name="java.runtime.name" value="Java(TM) SE Runtime Environment"/>
    <property name="file.encoding" value="Cp1252"/>
    <property name="java.vm.name" value="Java HotSpot(TM) 64-Bit Server VM"/>
    <property name="localRepository" value="C:\Users\formation\.m2\repository"/>
    <property name="java.vendor.url.bug" value="http://bugreport.sun.com/bugreport/"/>
    <property name="java.io.tmpdir" value="C:\Users\FORMAT~1\AppData\Local\Temp\"/>
    <property name="java.version" value="1.8.0_152"/>
    <property name="user.dir" value="C:\Users\formation\Documents\SquashTA-1.10.0-RELEASE-workspace\logicaldoc"/>
    <property name="os.arch" value="amd64"/>
    <property name="java.vm.specification.name" value="Java Virtual Machine Specification"/>
    <property name="java.awt.printerjob" value="sun.awt.windows.WPrinterJob"/>
    <property name="sun.os.patch.level" value=""/>
    <property name="java.library.path" value="C:\Installation\Java\jre1.8.0_152\bin;C:\WINDOWS\Sun\Java\bin;C:\WINDOWS\system32;C:\WINDOWS;C:\Users\formation\AppData\Local\Android\Sdk\ platform-tools;C:\Users\formation\AppData\Local\Android\Sdk\tools;C:\Program Files\apache-maven-3.6.3\bin;C:\Program Files\apache-maven-3.6.3\bin;C:\ProgramData\Oracle\Java\javapath;C:\WINDOWS\system32;C:\WINDOWS;C:\WINDOWS\System32\Wbem;C:\WINDOWS\System32\WindowsPowerShell\v1.0\;C:\WINDOWS\System32\OpenSSH\;C:\Installation\wamp\bin\mysql\mysql5.1.36\bin;C:\INSTAL~1\Groovy\GROOVY~1.15\bin;C:\ProgramData\chocolatey\bin;C:\Program Files\Git\cmd;C:\Users\formation\AppData\Local\Microsoft\WindowsApps;;C:\Users\formation\AppData\Local\Programs\Microsoft VS Code\bin;."/>
    <property name="java.vm.info" value="mixed mode"/>
    <property name="java.vendor" value="Oracle Corporation"/>
    <property name="java.vm.version" value="25.152-b16"/>
    <property name="java.ext.dirs" value="C:\Installation\Java\jre1.8.0_152\lib\ext;C:\WINDOWS\Sun\Java\lib\ext"/>
    <property name="sun.io.unicode.encoding" value="UnicodeLittle"/>
    <property name="java.class.version" value="52.0"/>
  </properties>
  <testcase name="testSoapUITestCase[create]" classname="autom.logicaldoc.SoapTest" time="1.169">
    <system-out><![CDATA[22:07:58,653 INFO  [DefaultSoapUICore] initialized soapui-settings from [C:\Users\formation\soapui-settings.xml]
22:07:59,523 INFO  [PluginManager] 0 plugins loaded in 1 ms
22:07:59,523 INFO  [DefaultSoapUICore] All plugins loaded
22:08:00,459 INFO  [WsdlProject] Loaded project from [file:/C:/Users/formation/Documents/SquashTA-1.10.0-RELEASE-workspace/logicaldoc/src/test/resources/Logicaldoc-project.xml]
2021-12-12 22:08:00 INFO  SoapTest:59 - Nom du cas de test SoapUI : create
22:08:00,547 INFO  [WsdlProject] Loaded project from [file:/C:/Users/formation/Documents/SquashTA-1.10.0-RELEASE-workspace/logicaldoc/src/test/resources/Logicaldoc-project.xml]
22:08:01,057 DEBUG [HttpClientSupport$SoapUIHttpClient] Attempt 1 to execute request
22:08:01,057 DEBUG [SoapUIMultiThreadedHttpConnectionManager$SoapUIDefaultClientConnection] Sending request: POST /logicaldoc/services/Auth HTTP/1.1
22:08:01,070 DEBUG [SoapUIMultiThreadedHttpConnectionManager$SoapUIDefaultClientConnection] Receiving response: HTTP/1.1 200 
22:08:01,073 DEBUG [HttpClientSupport$SoapUIHttpClient] Connection can be kept alive for 20000 MILLISECONDS
22:08:01,332 DEBUG [HttpClientSupport$SoapUIHttpClient] Stale connection check
22:08:01,342 DEBUG [HttpClientSupport$SoapUIHttpClient] Attempt 1 to execute request
22:08:01,342 DEBUG [SoapUIMultiThreadedHttpConnectionManager$SoapUIDefaultClientConnection] Sending request: POST /logicaldoc/services/Folder HTTP/1.1
22:08:01,349 DEBUG [SoapUIMultiThreadedHttpConnectionManager$SoapUIDefaultClientConnection] Receiving response: HTTP/1.1 200 
22:08:01,350 DEBUG [HttpClientSupport$SoapUIHttpClient] Connection can be kept alive for 20000 MILLISECONDS
22:08:01,381 DEBUG [HttpClientSupport$SoapUIHttpClient] Stale connection check
22:08:01,389 DEBUG [HttpClientSupport$SoapUIHttpClient] Attempt 1 to execute request
22:08:01,389 DEBUG [SoapUIMultiThreadedHttpConnectionManager$SoapUIDefaultClientConnection] Sending request: POST /logicaldoc/services/Folder HTTP/1.1
22:08:01,398 DEBUG [SoapUIMultiThreadedHttpConnectionManager$SoapUIDefaultClientConnection] Receiving response: HTTP/1.1 200 
22:08:01,398 DEBUG [HttpClientSupport$SoapUIHttpClient] Connection can be kept alive for 20000 MILLISECONDS
22:08:01,447 DEBUG [HttpClientSupport$SoapUIHttpClient] Stale connection check
22:08:01,452 DEBUG [HttpClientSupport$SoapUIHttpClient] Attempt 1 to execute request
22:08:01,452 DEBUG [SoapUIMultiThreadedHttpConnectionManager$SoapUIDefaultClientConnection] Sending request: POST /logicaldoc/services/Document HTTP/1.1
22:08:01,475 DEBUG [SoapUIMultiThreadedHttpConnectionManager$SoapUIDefaultClientConnection] Receiving response: HTTP/1.1 200 
22:08:01,475 DEBUG [HttpClientSupport$SoapUIHttpClient] Connection can be kept alive for 20000 MILLISECONDS
22:08:01,531 DEBUG [HttpClientSupport$SoapUIHttpClient] Stale connection check
22:08:01,547 DEBUG [HttpClientSupport$SoapUIHttpClient] Attempt 1 to execute request
22:08:01,547 DEBUG [SoapUIMultiThreadedHttpConnectionManager$SoapUIDefaultClientConnection] Sending request: POST /logicaldoc/services/Document HTTP/1.1
22:08:01,562 DEBUG [SoapUIMultiThreadedHttpConnectionManager$SoapUIDefaultClientConnection] Receiving response: HTTP/1.1 200 
22:08:01,562 DEBUG [HttpClientSupport$SoapUIHttpClient] Connection can be kept alive for 20000 MILLISECONDS
22:08:01,567 DEBUG [HttpClientSupport$SoapUIHttpClient] Stale connection check
22:08:01,579 DEBUG [HttpClientSupport$SoapUIHttpClient] Attempt 1 to execute request
22:08:01,579 DEBUG [SoapUIMultiThreadedHttpConnectionManager$SoapUIDefaultClientConnection] Sending request: POST /logicaldoc/services/Document HTTP/1.1
22:08:01,584 DEBUG [SoapUIMultiThreadedHttpConnectionManager$SoapUIDefaultClientConnection] Receiving response: HTTP/1.1 200 
22:08:01,584 DEBUG [HttpClientSupport$SoapUIHttpClient] Connection can be kept alive for 20000 MILLISECONDS
22:08:01,602 DEBUG [HttpClientSupport$SoapUIHttpClient] Stale connection check
22:08:01,610 DEBUG [HttpClientSupport$SoapUIHttpClient] Attempt 1 to execute request
22:08:01,610 DEBUG [SoapUIMultiThreadedHttpConnectionManager$SoapUIDefaultClientConnection] Sending request: POST /logicaldoc/services/Document HTTP/1.1
22:08:01,619 DEBUG [SoapUIMultiThreadedHttpConnectionManager$SoapUIDefaultClientConnection] Receiving response: HTTP/1.1 200 
22:08:01,619 DEBUG [HttpClientSupport$SoapUIHttpClient] Connection can be kept alive for 20000 MILLISECONDS
22:08:01,621 DEBUG [HttpClientSupport$SoapUIHttpClient] Stale connection check
22:08:01,626 DEBUG [HttpClientSupport$SoapUIHttpClient] Attempt 1 to execute request
22:08:01,626 DEBUG [SoapUIMultiThreadedHttpConnectionManager$SoapUIDefaultClientConnection] Sending request: POST /logicaldoc/services/Folder HTTP/1.1
22:08:01,633 DEBUG [SoapUIMultiThreadedHttpConnectionManager$SoapUIDefaultClientConnection] Receiving response: HTTP/1.1 200 
22:08:01,633 DEBUG [HttpClientSupport$SoapUIHttpClient] Connection can be kept alive for 20000 MILLISECONDS
22:08:01,635 DEBUG [HttpClientSupport$SoapUIHttpClient] Stale connection check
22:08:01,642 DEBUG [HttpClientSupport$SoapUIHttpClient] Attempt 1 to execute request
22:08:01,643 DEBUG [SoapUIMultiThreadedHttpConnectionManager$SoapUIDefaultClientConnection] Sending request: POST /logicaldoc/services/Auth HTTP/1.1
22:08:01,650 DEBUG [SoapUIMultiThreadedHttpConnectionManager$SoapUIDefaultClientConnection] Receiving response: HTTP/1.1 200 
22:08:01,651 DEBUG [HttpClientSupport$SoapUIHttpClient] Connection can be kept alive for 20000 MILLISECONDS
2021-12-12 22:08:01 INFO  SoapTest:81 - cas de test soapUI terminé ('com.eviware.soapui.impl.wsdl.WsdlTestSuite@36d33f4':'create') : FINISHED
]]></system-out>
    <system-err><![CDATA[SLF4J: Class path contains multiple SLF4J bindings.
SLF4J: Found binding in [jar:file:/C:/Users/formation/.m2/repository/org/apache/logging/log4j/log4j-slf4j-impl/2.12.1/log4j-slf4j-impl-2.12.1.jar!/org/slf4j/impl/StaticLoggerBinder.class]
SLF4J: Found binding in [jar:file:/C:/Installation/SmartBear/SoapUI-5.4.0/lib/slf4j-log4j12-1.6.4.jar!/org/slf4j/impl/StaticLoggerBinder.class]
SLF4J: See http://www.slf4j.org/codes.html#multiple_bindings for an explanation.
SLF4J: Actual binding is of type [org.apache.logging.slf4j.Log4jLoggerFactory]
]]></system-err>
  </testcase>
  <testcase name="testSoapUITestCase[bookmark]" classname="autom.logicaldoc.SoapTest" time="0.754">
    <system-out><![CDATA[2021-12-12 22:08:01 INFO  SoapTest:59 - Nom du cas de test SoapUI : bookmark
22:08:01,718 INFO  [WsdlProject] Loaded project from [file:/C:/Users/formation/Documents/SquashTA-1.10.0-RELEASE-workspace/logicaldoc/src/test/resources/Logicaldoc-project.xml]
22:08:01,742 DEBUG [HttpClientSupport$SoapUIHttpClient] Stale connection check
22:08:01,752 DEBUG [HttpClientSupport$SoapUIHttpClient] Attempt 1 to execute request
22:08:01,752 DEBUG [SoapUIMultiThreadedHttpConnectionManager$SoapUIDefaultClientConnection] Sending request: POST /logicaldoc/services/Auth HTTP/1.1
22:08:01,762 DEBUG [SoapUIMultiThreadedHttpConnectionManager$SoapUIDefaultClientConnection] Receiving response: HTTP/1.1 200 
22:08:01,763 DEBUG [HttpClientSupport$SoapUIHttpClient] Connection can be kept alive for 20000 MILLISECONDS
22:08:01,791 DEBUG [HttpClientSupport$SoapUIHttpClient] Stale connection check
22:08:01,800 DEBUG [HttpClientSupport$SoapUIHttpClient] Attempt 1 to execute request
22:08:01,800 DEBUG [SoapUIMultiThreadedHttpConnectionManager$SoapUIDefaultClientConnection] Sending request: POST /logicaldoc/services/Folder HTTP/1.1
22:08:01,807 DEBUG [SoapUIMultiThreadedHttpConnectionManager$SoapUIDefaultClientConnection] Receiving response: HTTP/1.1 200 
22:08:01,807 DEBUG [HttpClientSupport$SoapUIHttpClient] Connection can be kept alive for 20000 MILLISECONDS
22:08:01,838 DEBUG [HttpClientSupport$SoapUIHttpClient] Stale connection check
22:08:01,847 DEBUG [HttpClientSupport$SoapUIHttpClient] Attempt 1 to execute request
22:08:01,847 DEBUG [SoapUIMultiThreadedHttpConnectionManager$SoapUIDefaultClientConnection] Sending request: POST /logicaldoc/services/Folder HTTP/1.1
22:08:01,855 DEBUG [SoapUIMultiThreadedHttpConnectionManager$SoapUIDefaultClientConnection] Receiving response: HTTP/1.1 200 
22:08:01,855 DEBUG [HttpClientSupport$SoapUIHttpClient] Connection can be kept alive for 20000 MILLISECONDS
22:08:01,893 DEBUG [HttpClientSupport$SoapUIHttpClient] Stale connection check
22:08:01,895 DEBUG [HttpClientSupport$SoapUIHttpClient] Attempt 1 to execute request
22:08:01,895 DEBUG [SoapUIMultiThreadedHttpConnectionManager$SoapUIDefaultClientConnection] Sending request: POST /logicaldoc/services/Document HTTP/1.1
22:08:01,908 DEBUG [SoapUIMultiThreadedHttpConnectionManager$SoapUIDefaultClientConnection] Receiving response: HTTP/1.1 200 
22:08:01,908 DEBUG [HttpClientSupport$SoapUIHttpClient] Connection can be kept alive for 20000 MILLISECONDS
22:08:01,935 DEBUG [HttpClientSupport$SoapUIHttpClient] Stale connection check
22:08:01,943 DEBUG [HttpClientSupport$SoapUIHttpClient] Attempt 1 to execute request
22:08:01,943 DEBUG [SoapUIMultiThreadedHttpConnectionManager$SoapUIDefaultClientConnection] Sending request: POST /logicaldoc/services/Bookmark HTTP/1.1
22:08:01,956 DEBUG [SoapUIMultiThreadedHttpConnectionManager$SoapUIDefaultClientConnection] Receiving response: HTTP/1.1 200 
22:08:01,956 DEBUG [HttpClientSupport$SoapUIHttpClient] Connection can be kept alive for 20000 MILLISECONDS
22:08:01,981 DEBUG [HttpClientSupport$SoapUIHttpClient] Stale connection check
22:08:01,991 DEBUG [HttpClientSupport$SoapUIHttpClient] Attempt 1 to execute request
22:08:01,991 DEBUG [SoapUIMultiThreadedHttpConnectionManager$SoapUIDefaultClientConnection] Sending request: POST /logicaldoc/services/Bookmark HTTP/1.1
22:08:01,995 DEBUG [SoapUIMultiThreadedHttpConnectionManager$SoapUIDefaultClientConnection] Receiving response: HTTP/1.1 200 
22:08:01,995 DEBUG [HttpClientSupport$SoapUIHttpClient] Connection can be kept alive for 20000 MILLISECONDS
22:08:02,011 DEBUG [HttpClientSupport$SoapUIHttpClient] Stale connection check
22:08:02,023 DEBUG [HttpClientSupport$SoapUIHttpClient] Attempt 1 to execute request
22:08:02,023 DEBUG [SoapUIMultiThreadedHttpConnectionManager$SoapUIDefaultClientConnection] Sending request: POST /logicaldoc/services/Bookmark HTTP/1.1
22:08:02,375 DEBUG [SoapUIMultiThreadedHttpConnectionManager$SoapUIDefaultClientConnection] Receiving response: HTTP/1.1 200 
22:08:02,375 DEBUG [HttpClientSupport$SoapUIHttpClient] Connection can be kept alive for 20000 MILLISECONDS
22:08:02,379 DEBUG [HttpClientSupport$SoapUIHttpClient] Stale connection check
22:08:02,385 DEBUG [HttpClientSupport$SoapUIHttpClient] Attempt 1 to execute request
22:08:02,385 DEBUG [SoapUIMultiThreadedHttpConnectionManager$SoapUIDefaultClientConnection] Sending request: POST /logicaldoc/services/Document HTTP/1.1
22:08:02,396 DEBUG [SoapUIMultiThreadedHttpConnectionManager$SoapUIDefaultClientConnection] Receiving response: HTTP/1.1 200 
22:08:02,396 DEBUG [HttpClientSupport$SoapUIHttpClient] Connection can be kept alive for 20000 MILLISECONDS
22:08:02,399 DEBUG [HttpClientSupport$SoapUIHttpClient] Stale connection check
22:08:02,415 DEBUG [HttpClientSupport$SoapUIHttpClient] Attempt 1 to execute request
22:08:02,415 DEBUG [SoapUIMultiThreadedHttpConnectionManager$SoapUIDefaultClientConnection] Sending request: POST /logicaldoc/services/Folder HTTP/1.1
22:08:02,421 DEBUG [SoapUIMultiThreadedHttpConnectionManager$SoapUIDefaultClientConnection] Receiving response: HTTP/1.1 200 
22:08:02,421 DEBUG [HttpClientSupport$SoapUIHttpClient] Connection can be kept alive for 20000 MILLISECONDS
22:08:02,424 DEBUG [HttpClientSupport$SoapUIHttpClient] Stale connection check
22:08:02,431 DEBUG [HttpClientSupport$SoapUIHttpClient] Attempt 1 to execute request
22:08:02,431 DEBUG [SoapUIMultiThreadedHttpConnectionManager$SoapUIDefaultClientConnection] Sending request: POST /logicaldoc/services/Auth HTTP/1.1
22:08:02,434 DEBUG [SoapUIMultiThreadedHttpConnectionManager$SoapUIDefaultClientConnection] Receiving response: HTTP/1.1 200 
22:08:02,434 DEBUG [HttpClientSupport$SoapUIHttpClient] Connection can be kept alive for 20000 MILLISECONDS
2021-12-12 22:08:02 INFO  SoapTest:81 - cas de test soapUI terminé ('com.eviware.soapui.impl.wsdl.WsdlTestSuite@6b1b19cf':'bookmark') : FINISHED
]]></system-out>
  </testcase>
  <testcase name="testSoapUITestCase[search]" classname="autom.logicaldoc.SoapTest" time="0.586">
    <system-out><![CDATA[2021-12-12 22:08:02 INFO  SoapTest:59 - Nom du cas de test SoapUI : search
22:08:02,460 INFO  [WsdlProject] Loaded project from [file:/C:/Users/formation/Documents/SquashTA-1.10.0-RELEASE-workspace/logicaldoc/src/test/resources/Logicaldoc-project.xml]
22:08:02,487 DEBUG [HttpClientSupport$SoapUIHttpClient] Stale connection check
22:08:02,494 DEBUG [HttpClientSupport$SoapUIHttpClient] Attempt 1 to execute request
22:08:02,494 DEBUG [SoapUIMultiThreadedHttpConnectionManager$SoapUIDefaultClientConnection] Sending request: POST /logicaldoc/services/Auth HTTP/1.1
22:08:02,502 DEBUG [SoapUIMultiThreadedHttpConnectionManager$SoapUIDefaultClientConnection] Receiving response: HTTP/1.1 200 
22:08:02,503 DEBUG [HttpClientSupport$SoapUIHttpClient] Connection can be kept alive for 20000 MILLISECONDS
22:08:02,528 DEBUG [HttpClientSupport$SoapUIHttpClient] Stale connection check
22:08:02,541 DEBUG [HttpClientSupport$SoapUIHttpClient] Attempt 1 to execute request
22:08:02,541 DEBUG [SoapUIMultiThreadedHttpConnectionManager$SoapUIDefaultClientConnection] Sending request: POST /logicaldoc/services/Folder HTTP/1.1
22:08:02,548 DEBUG [SoapUIMultiThreadedHttpConnectionManager$SoapUIDefaultClientConnection] Receiving response: HTTP/1.1 200 
22:08:02,548 DEBUG [HttpClientSupport$SoapUIHttpClient] Connection can be kept alive for 20000 MILLISECONDS
22:08:02,582 DEBUG [HttpClientSupport$SoapUIHttpClient] Stale connection check
22:08:02,588 DEBUG [HttpClientSupport$SoapUIHttpClient] Attempt 1 to execute request
22:08:02,588 DEBUG [SoapUIMultiThreadedHttpConnectionManager$SoapUIDefaultClientConnection] Sending request: POST /logicaldoc/services/Folder HTTP/1.1
22:08:02,597 DEBUG [SoapUIMultiThreadedHttpConnectionManager$SoapUIDefaultClientConnection] Receiving response: HTTP/1.1 200 
22:08:02,597 DEBUG [HttpClientSupport$SoapUIHttpClient] Connection can be kept alive for 20000 MILLISECONDS
22:08:02,627 DEBUG [HttpClientSupport$SoapUIHttpClient] Stale connection check
22:08:02,635 DEBUG [HttpClientSupport$SoapUIHttpClient] Attempt 1 to execute request
22:08:02,635 DEBUG [SoapUIMultiThreadedHttpConnectionManager$SoapUIDefaultClientConnection] Sending request: POST /logicaldoc/services/Document HTTP/1.1
22:08:02,650 DEBUG [SoapUIMultiThreadedHttpConnectionManager$SoapUIDefaultClientConnection] Receiving response: HTTP/1.1 200 
22:08:02,650 DEBUG [HttpClientSupport$SoapUIHttpClient] Connection can be kept alive for 20000 MILLISECONDS
22:08:02,690 DEBUG [HttpClientSupport$SoapUIHttpClient] Stale connection check
22:08:02,699 DEBUG [HttpClientSupport$SoapUIHttpClient] Attempt 1 to execute request
22:08:02,699 DEBUG [SoapUIMultiThreadedHttpConnectionManager$SoapUIDefaultClientConnection] Sending request: POST /logicaldoc/services/Document HTTP/1.1
22:08:02,712 DEBUG [SoapUIMultiThreadedHttpConnectionManager$SoapUIDefaultClientConnection] Receiving response: HTTP/1.1 200 
22:08:02,712 DEBUG [HttpClientSupport$SoapUIHttpClient] Connection can be kept alive for 20000 MILLISECONDS
22:08:02,714 DEBUG [HttpClientSupport$SoapUIHttpClient] Stale connection check
22:08:02,731 DEBUG [HttpClientSupport$SoapUIHttpClient] Attempt 1 to execute request
22:08:02,731 DEBUG [SoapUIMultiThreadedHttpConnectionManager$SoapUIDefaultClientConnection] Sending request: POST /logicaldoc/services/Document HTTP/1.1
22:08:02,737 DEBUG [SoapUIMultiThreadedHttpConnectionManager$SoapUIDefaultClientConnection] Receiving response: HTTP/1.1 200 
22:08:02,738 DEBUG [HttpClientSupport$SoapUIHttpClient] Connection can be kept alive for 20000 MILLISECONDS
22:08:02,763 DEBUG [HttpClientSupport$SoapUIHttpClient] Stale connection check
22:08:02,779 DEBUG [HttpClientSupport$SoapUIHttpClient] Attempt 1 to execute request
22:08:02,779 DEBUG [SoapUIMultiThreadedHttpConnectionManager$SoapUIDefaultClientConnection] Sending request: POST /logicaldoc/services/Document HTTP/1.1
22:08:02,846 DEBUG [SoapUIMultiThreadedHttpConnectionManager$SoapUIDefaultClientConnection] Receiving response: HTTP/1.1 200 
22:08:02,846 DEBUG [HttpClientSupport$SoapUIHttpClient] Connection can be kept alive for 20000 MILLISECONDS
22:08:02,848 DEBUG [HttpClientSupport$SoapUIHttpClient] Stale connection check
22:08:02,856 DEBUG [HttpClientSupport$SoapUIHttpClient] Attempt 1 to execute request
22:08:02,856 DEBUG [SoapUIMultiThreadedHttpConnectionManager$SoapUIDefaultClientConnection] Sending request: POST /logicaldoc/services/Search HTTP/1.1
22:08:02,861 DEBUG [SoapUIMultiThreadedHttpConnectionManager$SoapUIDefaultClientConnection] Receiving response: HTTP/1.1 200 
22:08:02,861 DEBUG [HttpClientSupport$SoapUIHttpClient] Connection can be kept alive for 20000 MILLISECONDS
22:08:02,873 DEBUG [HttpClientSupport$SoapUIHttpClient] Stale connection check
22:08:02,888 DEBUG [HttpClientSupport$SoapUIHttpClient] Attempt 1 to execute request
22:08:02,888 DEBUG [SoapUIMultiThreadedHttpConnectionManager$SoapUIDefaultClientConnection] Sending request: POST /logicaldoc/services/Search HTTP/1.1
22:08:02,901 DEBUG [SoapUIMultiThreadedHttpConnectionManager$SoapUIDefaultClientConnection] Receiving response: HTTP/1.1 200 
22:08:02,902 DEBUG [HttpClientSupport$SoapUIHttpClient] Connection can be kept alive for 20000 MILLISECONDS
22:08:02,915 DEBUG [HttpClientSupport$SoapUIHttpClient] Stale connection check
22:08:02,919 DEBUG [HttpClientSupport$SoapUIHttpClient] Attempt 1 to execute request
22:08:02,919 DEBUG [SoapUIMultiThreadedHttpConnectionManager$SoapUIDefaultClientConnection] Sending request: POST /logicaldoc/services/Search HTTP/1.1
22:08:02,935 DEBUG [SoapUIMultiThreadedHttpConnectionManager$SoapUIDefaultClientConnection] Receiving response: HTTP/1.1 200 
22:08:02,935 DEBUG [HttpClientSupport$SoapUIHttpClient] Connection can be kept alive for 20000 MILLISECONDS
22:08:02,953 DEBUG [HttpClientSupport$SoapUIHttpClient] Stale connection check
22:08:02,967 DEBUG [HttpClientSupport$SoapUIHttpClient] Attempt 1 to execute request
22:08:02,967 DEBUG [SoapUIMultiThreadedHttpConnectionManager$SoapUIDefaultClientConnection] Sending request: POST /logicaldoc/services/Document HTTP/1.1
22:08:02,979 DEBUG [SoapUIMultiThreadedHttpConnectionManager$SoapUIDefaultClientConnection] Receiving response: HTTP/1.1 200 
22:08:02,980 DEBUG [HttpClientSupport$SoapUIHttpClient] Connection can be kept alive for 20000 MILLISECONDS
22:08:02,983 DEBUG [HttpClientSupport$SoapUIHttpClient] Stale connection check
22:08:02,999 DEBUG [HttpClientSupport$SoapUIHttpClient] Attempt 1 to execute request
22:08:02,999 DEBUG [SoapUIMultiThreadedHttpConnectionManager$SoapUIDefaultClientConnection] Sending request: POST /logicaldoc/services/Folder HTTP/1.1
22:08:03,007 DEBUG [SoapUIMultiThreadedHttpConnectionManager$SoapUIDefaultClientConnection] Receiving response: HTTP/1.1 200 
22:08:03,007 DEBUG [HttpClientSupport$SoapUIHttpClient] Connection can be kept alive for 20000 MILLISECONDS
22:08:03,009 DEBUG [HttpClientSupport$SoapUIHttpClient] Stale connection check
22:08:03,015 DEBUG [HttpClientSupport$SoapUIHttpClient] Attempt 1 to execute request
22:08:03,015 DEBUG [SoapUIMultiThreadedHttpConnectionManager$SoapUIDefaultClientConnection] Sending request: POST /logicaldoc/services/Auth HTTP/1.1
22:08:03,018 DEBUG [SoapUIMultiThreadedHttpConnectionManager$SoapUIDefaultClientConnection] Receiving response: HTTP/1.1 200 
22:08:03,018 DEBUG [HttpClientSupport$SoapUIHttpClient] Connection can be kept alive for 20000 MILLISECONDS
2021-12-12 22:08:03 INFO  SoapTest:81 - cas de test soapUI terminé ('com.eviware.soapui.impl.wsdl.WsdlTestSuite@7634f2b':'search') : FINISHED
]]></system-out>
  </testcase>
</testsuite>