<?xml version="1.0" encoding="UTF-8"?>
<testsuite xmlns:xsi="http://www.w3.org/2001/XMLSchema-instance" xsi:noNamespaceSchemaLocation="https://maven.apache.org/surefire/maven-surefire-plugin/xsd/surefire-test-report-3.0.xsd" version="3.0" name="autom.libreplan.SoapTest" time="1.379" tests="3" errors="0" skipped="0" failures="1">
  <properties>
    <property name="sun.desktop" value="windows"/>
    <property name="awt.toolkit" value="sun.awt.windows.WToolkit"/>
    <property name="file.encoding.pkg" value="sun.io"/>
    <property name="java.specification.version" value="1.8"/>
    <property name="sun.cpu.isalist" value="amd64"/>
    <property name="sun.jnu.encoding" value="Cp1252"/>
    <property name="java.class.path" value="C:\Users\formation\Documents\SquashTA-1.10.0-RELEASE-workspace\libreplan\target\test-classes;C:\Users\formation\Documents\SquashTA-1.10.0-RELEASE-workspace\libreplan\target\classes;C:\Users\formation\.m2\repository\junit\junit\4.12\junit-4.12.jar;C:\Users\formation\.m2\repository\org\hamcrest\hamcrest-core\1.3\hamcrest-core-1.3.jar;C:\Installation\SmartBear\SoapUI-5.4.0\bin\soapui-5.4.0.jar;C:\Users\formation\.m2\repository\org\apache\logging\log4j\log4j-api\2.12.1\log4j-api-2.12.1.jar;C:\Users\formation\.m2\repository\org\apache\logging\log4j\log4j-slf4j-impl\2.12.1\log4j-slf4j-impl-2.12.1.jar;C:\Users\formation\.m2\repository\org\slf4j\slf4j-api\1.7.25\slf4j-api-1.7.25.jar;C:\Users\formation\.m2\repository\org\apache\logging\log4j\log4j-core\2.12.1\log4j-core-2.12.1.jar;C:\Users\formation\.m2\repository\log4j\log4j\1.2.14\log4j-1.2.14.jar;C:\Installation\SmartBear\SoapUI-5.4.0\lib\xbean-fixed-2.4.0.jar;C:\Installation\SmartBear\SoapUI-5.4.0\lib\xalan-2.7.1.jar;C:\Users\formation\.m2\repository\com\fifesoft\rsyntaxtextarea\1.4.1\rsyntaxtextarea-1.4.1.jar;C:\Users\formation\.m2\repository\org\apache\httpcomponents\httpclient\4.5.6\httpclient-4.5.6.jar;C:\Users\formation\.m2\repository\org\apache\httpcomponents\httpcore\4.4.10\httpcore-4.4.10.jar;C:\Users\formation\.m2\repository\commons-logging\commons-logging\1.2\commons-logging-1.2.jar;C:\Users\formation\.m2\repository\commons-codec\commons-codec\1.10\commons-codec-1.10.jar;C:\Installation\SmartBear\SoapUI-5.4.0\lib\proxy-vole-20131209.jar;C:\Users\formation\.m2\repository\org\reflections\reflections\0.9.10\reflections-0.9.10.jar;C:\Users\formation\.m2\repository\com\google\guava\guava\15.0\guava-15.0.jar;C:\Users\formation\.m2\repository\org\javassist\javassist\3.19.0-GA\javassist-3.19.0-GA.jar;C:\Users\formation\.m2\repository\com\google\code\findbugs\annotations\2.0.1\annotations-2.0.1.jar;C:\Users\formation\.m2\repository\org\codehaus\groovy\groovy-all\1.6.3\groovy-all-1.6.3.jar;C:\Users\formation\.m2\repository\org\apache\ant\ant\1.7.1\ant-1.7.1.jar;C:\Users\formation\.m2\repository\org\apache\ant\ant-launcher\1.7.1\ant-launcher-1.7.1.jar;C:\Users\formation\.m2\repository\jline\jline\0.9.94\jline-0.9.94.jar;C:\Users\formation\.m2\repository\org\bouncycastle\bcprov-jdk15on\1.52\bcprov-jdk15on-1.52.jar;C:\Users\formation\.m2\repository\wsdl4j\wsdl4j\1.6.2\wsdl4j-1.6.2.jar;C:\Users\formation\.m2\repository\xmlunit\xmlunit\1.2\xmlunit-1.2.jar;C:\Users\formation\.m2\repository\com\jgoodies\jgoodies-forms\1.9.0\jgoodies-forms-1.9.0.jar;C:\Users\formation\.m2\repository\com\jgoodies\jgoodies-common\1.8.1\jgoodies-common-1.8.1.jar;C:\Users\formation\.m2\repository\org\apache\flex\blazeds\flex-messaging-core\4.7.1\flex-messaging-core-4.7.1.jar;C:\Users\formation\.m2\repository\org\apache\flex\blazeds\flex-messaging-common\4.7.1\flex-messaging-common-4.7.1.jar;C:\Users\formation\.m2\repository\xalan\xalan\2.6.0\xalan-2.6.0.jar;C:\Users\formation\.m2\repository\xml-apis\xml-apis\1.0.b2\xml-apis-1.0.b2.jar;C:\Installation\SmartBear\SoapUI-5.4.0\lib\mail-1.4.jar;C:\Installation\SmartBear\SoapUI-5.4.0\lib\jms-1.1.jar;C:\Users\formation\.m2\repository\commons-cli\commons-cli\1.4\commons-cli-1.4.jar;C:\Users\formation\.m2\repository\commons-io\commons-io\2.6\commons-io-2.6.jar;C:\Users\formation\.m2\repository\commons-collections\commons-collections\3.2.1\commons-collections-3.2.1.jar;C:\Users\formation\.m2\repository\commons-lang\commons-lang\2.4\commons-lang-2.4.jar;C:\Users\formation\.m2\repository\commons-beanutils\commons-beanutils\1.7.0\commons-beanutils-1.7.0.jar;C:\Users\formation\.m2\repository\org\postgresql\postgresql\42.2.24\postgresql-42.2.24.jar;C:\Users\formation\.m2\repository\org\checkerframework\checker-qual\3.5.0\checker-qual-3.5.0.jar;C:\Installation\SmartBear\SoapUI-5.4.0\lib\analytics-core-5.4.0.jar;C:\Installation\SmartBear\SoapUI-5.4.0\lib\out-app-analytics-provider-5.4.0.jar;C:\Installation\SmartBear\SoapUI-5.4.0\lib\json-lib-2.2.2-jdk15.jar;C:\Users\formation\.m2\repository\org\apache\xmlbeans\xmlbeans-xpath\2.6.0\xmlbeans-xpath-2.6.0.jar;C:\Users\formation\.m2\repository\org\apache\xmlbeans\xmlbeans\2.4.0\xmlbeans-2.4.0.jar;C:\Users\formation\.m2\repository\stax\stax-api\1.0.1\stax-api-1.0.1.jar;C:\Installation\SmartBear\SoapUI-5.4.0\lib\saxon-9.1.0.8j.jar;C:\Installation\SmartBear\SoapUI-5.4.0\lib\saxon-dom-9.1.0.8j.jar;"/>
    <property name="sun.awt.enableExtraMouseButtons" value="true"/>
    <property name="java.vm.vendor" value="Oracle Corporation"/>
    <property name="sun.arch.data.model" value="64"/>
    <property name="user.variant" value=""/>
    <property name="java.vendor.url" value="http://java.oracle.com/"/>
    <property name="user.timezone" value="Europe/Paris"/>
    <property name="org.apache.logging.log4j.assignedSequences" value="5948"/>
    <property name="java.vm.specification.version" value="1.8"/>
    <property name="os.name" value="Windows 10"/>
    <property name="user.country" value="FR"/>
    <property name="sun.java.launcher" value="SUN_STANDARD"/>
    <property name="sun.boot.library.path" value="C:\Installation\Java\jre1.8.0_152\bin"/>
    <property name="sun.java.command" value="C:\Users\formation\AppData\Local\Temp\surefire5151928099383226954\surefirebooter3899178997268727888.jar C:\Users\formation\AppData\Local\Temp\surefire5151928099383226954 2021-12-12T12-46-36_720-jvmRun1 surefire8378265814013584488tmp surefire_07826405754010699313tmp"/>
    <property name="surefire.test.class.path" value="C:\Users\formation\Documents\SquashTA-1.10.0-RELEASE-workspace\libreplan\target\test-classes;C:\Users\formation\Documents\SquashTA-1.10.0-RELEASE-workspace\libreplan\target\classes;C:\Users\formation\.m2\repository\junit\junit\4.12\junit-4.12.jar;C:\Users\formation\.m2\repository\org\hamcrest\hamcrest-core\1.3\hamcrest-core-1.3.jar;C:\Installation\SmartBear\SoapUI-5.4.0\bin\soapui-5.4.0.jar;C:\Users\formation\.m2\repository\org\apache\logging\log4j\log4j-api\2.12.1\log4j-api-2.12.1.jar;C:\Users\formation\.m2\repository\org\apache\logging\log4j\log4j-slf4j-impl\2.12.1\log4j-slf4j-impl-2.12.1.jar;C:\Users\formation\.m2\repository\org\slf4j\slf4j-api\1.7.25\slf4j-api-1.7.25.jar;C:\Users\formation\.m2\repository\org\apache\logging\log4j\log4j-core\2.12.1\log4j-core-2.12.1.jar;C:\Users\formation\.m2\repository\log4j\log4j\1.2.14\log4j-1.2.14.jar;C:\Installation\SmartBear\SoapUI-5.4.0\lib\xbean-fixed-2.4.0.jar;C:\Installation\SmartBear\SoapUI-5.4.0\lib\xalan-2.7.1.jar;C:\Users\formation\.m2\repository\com\fifesoft\rsyntaxtextarea\1.4.1\rsyntaxtextarea-1.4.1.jar;C:\Users\formation\.m2\repository\org\apache\httpcomponents\httpclient\4.5.6\httpclient-4.5.6.jar;C:\Users\formation\.m2\repository\org\apache\httpcomponents\httpcore\4.4.10\httpcore-4.4.10.jar;C:\Users\formation\.m2\repository\commons-logging\commons-logging\1.2\commons-logging-1.2.jar;C:\Users\formation\.m2\repository\commons-codec\commons-codec\1.10\commons-codec-1.10.jar;C:\Installation\SmartBear\SoapUI-5.4.0\lib\proxy-vole-20131209.jar;C:\Users\formation\.m2\repository\org\reflections\reflections\0.9.10\reflections-0.9.10.jar;C:\Users\formation\.m2\repository\com\google\guava\guava\15.0\guava-15.0.jar;C:\Users\formation\.m2\repository\org\javassist\javassist\3.19.0-GA\javassist-3.19.0-GA.jar;C:\Users\formation\.m2\repository\com\google\code\findbugs\annotations\2.0.1\annotations-2.0.1.jar;C:\Users\formation\.m2\repository\org\codehaus\groovy\groovy-all\1.6.3\groovy-all-1.6.3.jar;C:\Users\formation\.m2\repository\org\apache\ant\ant\1.7.1\ant-1.7.1.jar;C:\Users\formation\.m2\repository\org\apache\ant\ant-launcher\1.7.1\ant-launcher-1.7.1.jar;C:\Users\formation\.m2\repository\jline\jline\0.9.94\jline-0.9.94.jar;C:\Users\formation\.m2\repository\org\bouncycastle\bcprov-jdk15on\1.52\bcprov-jdk15on-1.52.jar;C:\Users\formation\.m2\repository\wsdl4j\wsdl4j\1.6.2\wsdl4j-1.6.2.jar;C:\Users\formation\.m2\repository\xmlunit\xmlunit\1.2\xmlunit-1.2.jar;C:\Users\formation\.m2\repository\com\jgoodies\jgoodies-forms\1.9.0\jgoodies-forms-1.9.0.jar;C:\Users\formation\.m2\repository\com\jgoodies\jgoodies-common\1.8.1\jgoodies-common-1.8.1.jar;C:\Users\formation\.m2\repository\org\apache\flex\blazeds\flex-messaging-core\4.7.1\flex-messaging-core-4.7.1.jar;C:\Users\formation\.m2\repository\org\apache\flex\blazeds\flex-messaging-common\4.7.1\flex-messaging-common-4.7.1.jar;C:\Users\formation\.m2\repository\xalan\xalan\2.6.0\xalan-2.6.0.jar;C:\Users\formation\.m2\repository\xml-apis\xml-apis\1.0.b2\xml-apis-1.0.b2.jar;C:\Installation\SmartBear\SoapUI-5.4.0\lib\mail-1.4.jar;C:\Installation\SmartBear\SoapUI-5.4.0\lib\jms-1.1.jar;C:\Users\formation\.m2\repository\commons-cli\commons-cli\1.4\commons-cli-1.4.jar;C:\Users\formation\.m2\repository\commons-io\commons-io\2.6\commons-io-2.6.jar;C:\Users\formation\.m2\repository\commons-collections\commons-collections\3.2.1\commons-collections-3.2.1.jar;C:\Users\formation\.m2\repository\commons-lang\commons-lang\2.4\commons-lang-2.4.jar;C:\Users\formation\.m2\repository\commons-beanutils\commons-beanutils\1.7.0\commons-beanutils-1.7.0.jar;C:\Users\formation\.m2\repository\org\postgresql\postgresql\42.2.24\postgresql-42.2.24.jar;C:\Users\formation\.m2\repository\org\checkerframework\checker-qual\3.5.0\checker-qual-3.5.0.jar;C:\Installation\SmartBear\SoapUI-5.4.0\lib\analytics-core-5.4.0.jar;C:\Installation\SmartBear\SoapUI-5.4.0\lib\out-app-analytics-provider-5.4.0.jar;C:\Installation\SmartBear\SoapUI-5.4.0\lib\json-lib-2.2.2-jdk15.jar;C:\Users\formation\.m2\repository\org\apache\xmlbeans\xmlbeans-xpath\2.6.0\xmlbeans-xpath-2.6.0.jar;C:\Users\formation\.m2\repository\org\apache\xmlbeans\xmlbeans\2.4.0\xmlbeans-2.4.0.jar;C:\Users\formation\.m2\repository\stax\stax-api\1.0.1\stax-api-1.0.1.jar;C:\Installation\SmartBear\SoapUI-5.4.0\lib\saxon-9.1.0.8j.jar;C:\Installation\SmartBear\SoapUI-5.4.0\lib\saxon-dom-9.1.0.8j.jar;"/>
    <property name="sun.cpu.endian" value="little"/>
    <property name="user.home" value="C:\Users\formation"/>
    <property name="user.language" value="fr"/>
    <property name="java.specification.vendor" value="Oracle Corporation"/>
    <property name="java.home" value="C:\Installation\Java\jre1.8.0_152"/>
    <property name="basedir" value="C:\Users\formation\Documents\SquashTA-1.10.0-RELEASE-workspace\libreplan"/>
    <property name="file.separator" value="\"/>
    <property name="line.separator" value="&#10;"/>
    <property name="java.vm.specification.vendor" value="Oracle Corporation"/>
    <property name="java.specification.name" value="Java Platform API Specification"/>
    <property name="java.awt.graphicsenv" value="sun.awt.Win32GraphicsEnvironment"/>
    <property name="surefire.real.class.path" value="C:\Users\formation\AppData\Local\Temp\surefire5151928099383226954\surefirebooter3899178997268727888.jar"/>
    <property name="sun.boot.class.path" value="C:\Installation\Java\jre1.8.0_152\lib\resources.jar;C:\Installation\Java\jre1.8.0_152\lib\rt.jar;C:\Installation\Java\jre1.8.0_152\lib\sunrsasign.jar;C:\Installation\Java\jre1.8.0_152\lib\jsse.jar;C:\Installation\Java\jre1.8.0_152\lib\jce.jar;C:\Installation\Java\jre1.8.0_152\lib\charsets.jar;C:\Installation\Java\jre1.8.0_152\lib\jfr.jar;C:\Installation\Java\jre1.8.0_152\classes"/>
    <property name="user.script" value=""/>
    <property name="sun.management.compiler" value="HotSpot 64-Bit Tiered Compilers"/>
    <property name="java.runtime.version" value="1.8.0_152-b16"/>
    <property name="user.name" value="formation"/>
    <property name="path.separator" value=";"/>
    <property name="os.version" value="10.0"/>
    <property name="java.endorsed.dirs" value="C:\Installation\Java\jre1.8.0_152\lib\endorsed"/>
    <property name="java.runtime.name" value="Java(TM) SE Runtime Environment"/>
    <property name="file.encoding" value="Cp1252"/>
    <property name="java.vm.name" value="Java HotSpot(TM) 64-Bit Server VM"/>
    <property name="localRepository" value="C:\Users\formation\.m2\repository"/>
    <property name="java.vendor.url.bug" value="http://bugreport.sun.com/bugreport/"/>
    <property name="java.io.tmpdir" value="C:\Users\FORMAT~1\AppData\Local\Temp\"/>
    <property name="java.version" value="1.8.0_152"/>
    <property name="user.dir" value="C:\Users\formation\Documents\SquashTA-1.10.0-RELEASE-workspace\libreplan"/>
    <property name="os.arch" value="amd64"/>
    <property name="java.vm.specification.name" value="Java Virtual Machine Specification"/>
    <property name="java.awt.printerjob" value="sun.awt.windows.WPrinterJob"/>
    <property name="sun.os.patch.level" value=""/>
    <property name="java.library.path" value="C:\Installation\Java\jre1.8.0_152\bin;C:\WINDOWS\Sun\Java\bin;C:\WINDOWS\system32;C:\WINDOWS;C:\Users\formation\AppData\Local\Android\Sdk\ platform-tools;C:\Users\formation\AppData\Local\Android\Sdk\tools;C:\Program Files\apache-maven-3.6.3\bin;C:\Program Files\apache-maven-3.6.3\bin;C:\ProgramData\Oracle\Java\javapath;C:\WINDOWS\system32;C:\WINDOWS;C:\WINDOWS\System32\Wbem;C:\WINDOWS\System32\WindowsPowerShell\v1.0\;C:\WINDOWS\System32\OpenSSH\;C:\Installation\wamp\bin\mysql\mysql5.1.36\bin;C:\INSTAL~1\Groovy\GROOVY~1.15\bin;C:\ProgramData\chocolatey\bin;C:\Program Files\Git\cmd;C:\Users\formation\AppData\Local\Microsoft\WindowsApps;;C:\Users\formation\AppData\Local\Programs\Microsoft VS Code\bin;."/>
    <property name="java.vm.info" value="mixed mode"/>
    <property name="java.vendor" value="Oracle Corporation"/>
    <property name="java.vm.version" value="25.152-b16"/>
    <property name="java.ext.dirs" value="C:\Installation\Java\jre1.8.0_152\lib\ext;C:\WINDOWS\Sun\Java\lib\ext"/>
    <property name="sun.io.unicode.encoding" value="UnicodeLittle"/>
    <property name="java.class.version" value="52.0"/>
  </properties>
  <testcase name="testSoapUITestCase[TestCase_Project]" classname="autom.libreplan.SoapTest" time="0.96">
    <system-out><![CDATA[12:46:39,181 INFO  [DefaultSoapUICore] initialized soapui-settings from [C:\Users\formation\soapui-settings.xml]
12:46:39,991 INFO  [PluginManager] 0 plugins loaded in 1 ms
12:46:39,991 INFO  [DefaultSoapUICore] All plugins loaded
12:46:40,865 INFO  [WsdlProject] Loaded project from [file:/C:/Users/formation/Documents/SquashTA-1.10.0-RELEASE-workspace/libreplan/src/test/resources/Libreplan.xml]
2021-12-12 12:46:40 INFO  SoapTest:59 - Nom du cas de test SoapUI : TestCase_Project
12:46:40,912 INFO  [WsdlProject] Loaded project from [file:/C:/Users/formation/Documents/SquashTA-1.10.0-RELEASE-workspace/libreplan/src/test/resources/Libreplan.xml]
12:46:41,490 DEBUG [HttpClientSupport$SoapUIHttpClient] Attempt 1 to execute request
12:46:41,490 DEBUG [SoapUIMultiThreadedHttpConnectionManager$SoapUIDefaultClientConnection] Sending request: POST /libreplan/ws/rest/orderelements HTTP/1.1
12:46:41,553 DEBUG [SoapUIMultiThreadedHttpConnectionManager$SoapUIDefaultClientConnection] Receiving response: HTTP/1.1 200 OK
12:46:41,556 DEBUG [HttpClientSupport$SoapUIHttpClient] Connection can be kept alive indefinitely
12:46:41,579 DEBUG [HttpClientSupport$SoapUIHttpClient] Stale connection check
12:46:41,594 DEBUG [HttpClientSupport$SoapUIHttpClient] Attempt 1 to execute request
12:46:41,595 DEBUG [SoapUIMultiThreadedHttpConnectionManager$SoapUIDefaultClientConnection] Sending request: POST /libreplan/ws/rest/orderelements HTTP/1.1
12:46:41,650 DEBUG [SoapUIMultiThreadedHttpConnectionManager$SoapUIDefaultClientConnection] Receiving response: HTTP/1.1 200 OK
12:46:41,651 DEBUG [HttpClientSupport$SoapUIHttpClient] Connection can be kept alive indefinitely
12:46:41,654 DEBUG [HttpClientSupport$SoapUIHttpClient] Stale connection check
12:46:41,657 DEBUG [HttpClientSupport$SoapUIHttpClient] Attempt 1 to execute request
12:46:41,657 DEBUG [SoapUIMultiThreadedHttpConnectionManager$SoapUIDefaultClientConnection] Sending request: GET /libreplan/ws/rest/orderelements HTTP/1.1
12:46:41,686 DEBUG [SoapUIMultiThreadedHttpConnectionManager$SoapUIDefaultClientConnection] Receiving response: HTTP/1.1 200 OK
12:46:41,687 DEBUG [HttpClientSupport$SoapUIHttpClient] Connection can be kept alive indefinitely
12:46:41,694 DEBUG [HttpClientSupport$SoapUIHttpClient] Stale connection check
12:46:41,703 DEBUG [HttpClientSupport$SoapUIHttpClient] Attempt 1 to execute request
12:46:41,703 DEBUG [SoapUIMultiThreadedHttpConnectionManager$SoapUIDefaultClientConnection] Sending request: GET /libreplan/ws/rest/orderelements/ORDER1 HTTP/1.1
12:46:41,717 DEBUG [SoapUIMultiThreadedHttpConnectionManager$SoapUIDefaultClientConnection] Receiving response: HTTP/1.1 200 OK
12:46:41,717 DEBUG [HttpClientSupport$SoapUIHttpClient] Connection can be kept alive indefinitely
12:46:41,721 DEBUG [HttpClientSupport$SoapUIHttpClient] Stale connection check
12:46:41,735 DEBUG [HttpClientSupport$SoapUIHttpClient] Attempt 1 to execute request
12:46:41,735 DEBUG [SoapUIMultiThreadedHttpConnectionManager$SoapUIDefaultClientConnection] Sending request: GET /libreplan/ws/rest/orderelements/ORDER2 HTTP/1.1
12:46:41,749 DEBUG [SoapUIMultiThreadedHttpConnectionManager$SoapUIDefaultClientConnection] Receiving response: HTTP/1.1 200 OK
12:46:41,749 DEBUG [HttpClientSupport$SoapUIHttpClient] Connection can be kept alive indefinitely
12:46:41,753 DEBUG [HttpClientSupport$SoapUIHttpClient] Stale connection check
12:46:41,767 DEBUG [HttpClientSupport$SoapUIHttpClient] Attempt 1 to execute request
12:46:41,767 DEBUG [SoapUIMultiThreadedHttpConnectionManager$SoapUIDefaultClientConnection] Sending request: DELETE /libreplan/ws/rest/orderelements/ORDER1 HTTP/1.1
12:46:41,799 DEBUG [SoapUIMultiThreadedHttpConnectionManager$SoapUIDefaultClientConnection] Receiving response: HTTP/1.1 200 OK
12:46:41,799 DEBUG [HttpClientSupport$SoapUIHttpClient] Connection can be kept alive indefinitely
12:46:41,801 DEBUG [HttpClientSupport$SoapUIHttpClient] Stale connection check
12:46:41,814 DEBUG [HttpClientSupport$SoapUIHttpClient] Attempt 1 to execute request
12:46:41,814 DEBUG [SoapUIMultiThreadedHttpConnectionManager$SoapUIDefaultClientConnection] Sending request: DELETE /libreplan/ws/rest/orderelements/ORDER2 HTTP/1.1
12:46:41,836 DEBUG [SoapUIMultiThreadedHttpConnectionManager$SoapUIDefaultClientConnection] Receiving response: HTTP/1.1 200 OK
12:46:41,836 DEBUG [HttpClientSupport$SoapUIHttpClient] Connection can be kept alive indefinitely
12:46:41,838 DEBUG [HttpClientSupport$SoapUIHttpClient] Stale connection check
12:46:41,846 DEBUG [HttpClientSupport$SoapUIHttpClient] Attempt 1 to execute request
12:46:41,846 DEBUG [SoapUIMultiThreadedHttpConnectionManager$SoapUIDefaultClientConnection] Sending request: GET /libreplan/ws/rest/orderelements HTTP/1.1
12:46:41,854 DEBUG [SoapUIMultiThreadedHttpConnectionManager$SoapUIDefaultClientConnection] Receiving response: HTTP/1.1 200 OK
12:46:41,854 DEBUG [HttpClientSupport$SoapUIHttpClient] Connection can be kept alive indefinitely
2021-12-12 12:46:41 INFO  SoapTest:81 - cas de test soapUI terminé ('com.eviware.soapui.impl.wsdl.WsdlTestSuite@6f76c2cc':'TestCase_Project') : FINISHED
]]></system-out>
    <system-err><![CDATA[SLF4J: Class path contains multiple SLF4J bindings.
SLF4J: Found binding in [jar:file:/C:/Users/formation/.m2/repository/org/apache/logging/log4j/log4j-slf4j-impl/2.12.1/log4j-slf4j-impl-2.12.1.jar!/org/slf4j/impl/StaticLoggerBinder.class]
SLF4J: Found binding in [jar:file:/C:/Installation/SmartBear/SoapUI-5.4.0/lib/slf4j-log4j12-1.6.4.jar!/org/slf4j/impl/StaticLoggerBinder.class]
SLF4J: See http://www.slf4j.org/codes.html#multiple_bindings for an explanation.
SLF4J: Actual binding is of type [org.apache.logging.slf4j.Log4jLoggerFactory]
]]></system-err>
  </testcase>
  <testcase name="testSoapUITestCase[TestCase_Resources]" classname="autom.libreplan.SoapTest" time="0.311">
    <failure type="java.lang.AssertionError"><![CDATA[java.lang.AssertionError
	at autom.libreplan.SoapTest.testSoapUITestCase(SoapTest.java:61)
]]></failure>
    <system-out><![CDATA[2021-12-12 12:46:41 INFO  SoapTest:59 - Nom du cas de test SoapUI : TestCase_Resources
12:46:41,878 INFO  [WsdlProject] Loaded project from [file:/C:/Users/formation/Documents/SquashTA-1.10.0-RELEASE-workspace/libreplan/src/test/resources/Libreplan.xml]
12:46:41,907 DEBUG [HttpClientSupport$SoapUIHttpClient] Stale connection check
12:46:41,909 DEBUG [HttpClientSupport$SoapUIHttpClient] Attempt 1 to execute request
12:46:41,909 DEBUG [SoapUIMultiThreadedHttpConnectionManager$SoapUIDefaultClientConnection] Sending request: GET /libreplan/ws/rest/resources HTTP/1.1
12:46:41,918 DEBUG [SoapUIMultiThreadedHttpConnectionManager$SoapUIDefaultClientConnection] Receiving response: HTTP/1.1 200 OK
12:46:41,919 DEBUG [HttpClientSupport$SoapUIHttpClient] Connection can be kept alive indefinitely
12:46:41,922 DEBUG [HttpClientSupport$SoapUIHttpClient] Stale connection check
12:46:41,925 DEBUG [HttpClientSupport$SoapUIHttpClient] Attempt 1 to execute request
12:46:41,925 DEBUG [SoapUIMultiThreadedHttpConnectionManager$SoapUIDefaultClientConnection] Sending request: POST /libreplan/ws/rest/resources HTTP/1.1
12:46:41,958 DEBUG [SoapUIMultiThreadedHttpConnectionManager$SoapUIDefaultClientConnection] Receiving response: HTTP/1.1 200 OK
12:46:41,958 DEBUG [HttpClientSupport$SoapUIHttpClient] Connection can be kept alive indefinitely
12:46:41,962 DEBUG [HttpClientSupport$SoapUIHttpClient] Stale connection check
12:46:41,972 DEBUG [HttpClientSupport$SoapUIHttpClient] Attempt 1 to execute request
12:46:41,972 DEBUG [SoapUIMultiThreadedHttpConnectionManager$SoapUIDefaultClientConnection] Sending request: GET /libreplan/ws/rest/resources/WORKER1 HTTP/1.1
12:46:41,984 DEBUG [SoapUIMultiThreadedHttpConnectionManager$SoapUIDefaultClientConnection] Receiving response: HTTP/1.1 200 OK
12:46:41,985 DEBUG [HttpClientSupport$SoapUIHttpClient] Connection can be kept alive indefinitely
12:46:41,987 DEBUG [HttpClientSupport$SoapUIHttpClient] Stale connection check
12:46:42,003 DEBUG [HttpClientSupport$SoapUIHttpClient] Attempt 1 to execute request
12:46:42,003 DEBUG [SoapUIMultiThreadedHttpConnectionManager$SoapUIDefaultClientConnection] Sending request: POST /libreplan/ws/rest/resources HTTP/1.1
12:46:42,048 DEBUG [SoapUIMultiThreadedHttpConnectionManager$SoapUIDefaultClientConnection] Receiving response: HTTP/1.1 200 OK
12:46:42,048 DEBUG [HttpClientSupport$SoapUIHttpClient] Connection can be kept alive indefinitely
12:46:42,052 DEBUG [HttpClientSupport$SoapUIHttpClient] Stale connection check
12:46:42,067 DEBUG [HttpClientSupport$SoapUIHttpClient] Attempt 1 to execute request
12:46:42,067 DEBUG [SoapUIMultiThreadedHttpConnectionManager$SoapUIDefaultClientConnection] Sending request: GET /libreplan/ws/rest/resources/MACHINE0001 HTTP/1.1
12:46:42,127 DEBUG [SoapUIMultiThreadedHttpConnectionManager$SoapUIDefaultClientConnection] Receiving response: HTTP/1.1 200 OK
12:46:42,127 DEBUG [HttpClientSupport$SoapUIHttpClient] Connection can be kept alive indefinitely
12:46:42,132 DEBUG [HttpClientSupport$SoapUIHttpClient] Stale connection check
12:46:42,147 DEBUG [HttpClientSupport$SoapUIHttpClient] Attempt 1 to execute request
12:46:42,148 DEBUG [SoapUIMultiThreadedHttpConnectionManager$SoapUIDefaultClientConnection] Sending request: DELETE /libreplan/ws/rest/resources/WORKER1 HTTP/1.1
12:46:42,155 DEBUG [SoapUIMultiThreadedHttpConnectionManager$SoapUIDefaultClientConnection] Receiving response: HTTP/1.1 405 Méthode Non Autorisée
12:46:42,158 DEBUG [HttpClientSupport$SoapUIHttpClient] Connection can be kept alive indefinitely
2021-12-12 12:46:42 INFO  SoapTest:81 - cas de test soapUI terminé ('com.eviware.soapui.impl.wsdl.WsdlTestSuite@63d5874f':'TestCase_Resources') : FAILED
]]></system-out>
  </testcase>
  <testcase name="testSoapUITestCase[TestCase_Calendar]" classname="autom.libreplan.SoapTest" time="0.098">
    <system-out><![CDATA[2021-12-12 12:46:42 INFO  SoapTest:59 - Nom du cas de test SoapUI : TestCase_Calendar
12:46:42,188 INFO  [WsdlProject] Loaded project from [file:/C:/Users/formation/Documents/SquashTA-1.10.0-RELEASE-workspace/libreplan/src/test/resources/Libreplan.xml]
12:46:42,216 DEBUG [HttpClientSupport$SoapUIHttpClient] Stale connection check
12:46:42,225 DEBUG [HttpClientSupport$SoapUIHttpClient] Attempt 1 to execute request
12:46:42,225 DEBUG [SoapUIMultiThreadedHttpConnectionManager$SoapUIDefaultClientConnection] Sending request: GET /libreplan/ws/rest/calendars HTTP/1.1
12:46:42,241 DEBUG [SoapUIMultiThreadedHttpConnectionManager$SoapUIDefaultClientConnection] Receiving response: HTTP/1.1 200 OK
12:46:42,241 DEBUG [HttpClientSupport$SoapUIHttpClient] Connection can be kept alive indefinitely
12:46:42,247 DEBUG [HttpClientSupport$SoapUIHttpClient] Stale connection check
12:46:42,256 DEBUG [HttpClientSupport$SoapUIHttpClient] Attempt 1 to execute request
12:46:42,256 DEBUG [SoapUIMultiThreadedHttpConnectionManager$SoapUIDefaultClientConnection] Sending request: GET /libreplan/ws/rest/calendars/CALENDAR0001 HTTP/1.1
12:46:42,268 DEBUG [SoapUIMultiThreadedHttpConnectionManager$SoapUIDefaultClientConnection] Receiving response: HTTP/1.1 200 OK
12:46:42,269 DEBUG [HttpClientSupport$SoapUIHttpClient] Connection can be kept alive indefinitely
2021-12-12 12:46:42 INFO  SoapTest:81 - cas de test soapUI terminé ('com.eviware.soapui.impl.wsdl.WsdlTestSuite@7930ffa9':'TestCase_Calendar') : FINISHED
]]></system-out>
  </testcase>
</testsuite>